<?xml version="1.0" encoding="UTF-8"?>
<!-- Generated by org.testng.reporters.JUnitXMLReporter -->
<testsuite ignored="0" hostname="DESKTOP-CSJEUIB" failures="0" tests="3" name="Default test" time="0.058" errors="0" timestamp="2023-02-04T21:16:43 CST">
  <testcase classname="testng_automation_code_jan_31st_2023.Annotations" name="testCase1" time="0.007"/>
  <testcase classname="testng_automation_code_jan_31st_2023.Annotations" name="testCase2" time="0.001"/>
  <testcase classname="testng_automation_code_jan_31st_2023.Annotations" name="testCase3" time="0.001"/>
</testsuite> <!-- Default test -->
